# JRE version: Java(TM) SE Runtime Environment (8.0_211-b12) (build 1.8.0_211-b12)
# Java VM: Java HotSpot(TM) 64-Bit Server VM (25.211-b12 mixed mode linux-amd64 compressed oops)
Heap:
 PSYoungGen      total 412160K, used 15847K [0x00000000d6d00000, 0x00000000f1000000, 0x0000000100000000)
  eden space 396288K, 0% used [0x00000000d6d00000,0x00000000d6d00000,0x00000000ef000000)
  from space 15872K, 99% used [0x00000000ef000000,0x00000000eff79e30,0x00000000eff80000)
  to   space 13824K, 0% used [0x00000000eff80000,0x00000000eff80000,0x00000000f0d00000)
 ParOldGen       total 59392K, used 28395K [0x0000000084600000, 0x0000000088000000, 0x00000000d6d00000)
  object space 59392K, 47% used [0x0000000084600000,0x00000000861bacc8,0x0000000088000000)
 Metaspace       used 55014K, capacity 57698K, committed 57984K, reserved 1099776K
  class space    used 7454K, capacity 7969K, committed 8064K, reserved 1048576K
GC Heap History (10 events):
Event: 17.161 GC heap after
Heap after GC invocations=8 (full 0):
 PSYoungGen      total 261120K, used 2873K [0x00000000d6d00000, 0x00000000e7600000, 0x0000000100000000)
  eden space 250880K, 0% used [0x00000000d6d00000,0x00000000d6d00000,0x00000000e6200000)
  from space 10240K, 28% used [0x00000000e6c00000,0x00000000e6ece450,0x00000000e7600000)
  to   space 10240K, 0% used [0x00000000e6200000,0x00000000e6200000,0x00000000e6c00000)
 ParOldGen       total 84992K, used 8914K [0x0000000084600000, 0x0000000089900000, 0x00000000d6d00000)
  object space 84992K, 10% used [0x0000000084600000,0x0000000084eb4af8,0x0000000089900000)
 Metaspace       used 20781K, capacity 21422K, committed 21628K, reserved 1069056K
  class space    used 2759K, capacity 2955K, committed 3072K, reserved 1048576K
}
Event: 17.161 GC heap before
{Heap before GC invocations=9 (full 1):
 PSYoungGen      total 261120K, used 2873K [0x00000000d6d00000, 0x00000000e7600000, 0x0000000100000000)
  eden space 250880K, 0% used [0x00000000d6d00000,0x00000000d6d00000,0x00000000e6200000)
  from space 10240K, 28% used [0x00000000e6c00000,0x00000000e6ece450,0x00000000e7600000)
  to   space 10240K, 0% used [0x00000000e6200000,0x00000000e6200000,0x00000000e6c00000)
 ParOldGen       total 84992K, used 8914K [0x0000000084600000, 0x0000000089900000, 0x00000000d6d00000)
  object space 84992K, 10% used [0x0000000084600000,0x0000000084eb4af8,0x0000000089900000)
 Metaspace       used 20781K, capacity 21422K, committed 21628K, reserved 1069056K
  class space    used 2759K, capacity 2955K, committed 3072K, reserved 1048576K
Event: 17.196 GC heap after
Heap after GC invocations=9 (full 1):
 PSYoungGen      total 261120K, used 0K [0x00000000d6d00000, 0x00000000e7600000, 0x0000000100000000)
  eden space 250880K, 0% used [0x00000000d6d00000,0x00000000d6d00000,0x00000000e6200000)
  from space 10240K, 0% used [0x00000000e6c00000,0x00000000e6c00000,0x00000000e7600000)
  to   space 10240K, 0% used [0x00000000e6200000,0x00000000e6200000,0x00000000e6c00000)
 ParOldGen       total 42496K, used 6194K [0x0000000084600000, 0x0000000086f80000, 0x00000000d6d00000)
  object space 42496K, 14% used [0x0000000084600000,0x0000000084c0ca00,0x0000000086f80000)
 Metaspace       used 20780K, capacity 21416K, committed 21628K, reserved 1069056K
  class space    used 2759K, capacity 2954K, committed 3072K, reserved 1048576K
}
Event: 20.986 GC heap before
{Heap before GC invocations=10 (full 1):
 PSYoungGen      total 261120K, used 250880K [0x00000000d6d00000, 0x00000000e7600000, 0x0000000100000000)
  eden space 250880K, 100% used [0x00000000d6d00000,0x00000000e6200000,0x00000000e6200000)
  from space 10240K, 0% used [0x00000000e6c00000,0x00000000e6c00000,0x00000000e7600000)
  to   space 10240K, 0% used [0x00000000e6200000,0x00000000e6200000,0x00000000e6c00000)
 ParOldGen       total 42496K, used 6194K [0x0000000084600000, 0x0000000086f80000, 0x00000000d6d00000)
  object space 42496K, 14% used [0x0000000084600000,0x0000000084c0ca00,0x0000000086f80000)
 Metaspace       used 31334K, capacity 32476K, committed 32640K, reserved 1077248K
  class space    used 4133K, capacity 4393K, committed 4480K, reserved 1048576K
Event: 20.999 GC heap after
Heap after GC invocations=10 (full 1):
 PSYoungGen      total 261120K, used 10238K [0x00000000d6d00000, 0x00000000f0d00000, 0x0000000100000000)
  eden space 250880K, 0% used [0x00000000d6d00000,0x00000000d6d00000,0x00000000e6200000)
  from space 10240K, 99% used [0x00000000e6200000,0x00000000e6bffbf0,0x00000000e6c00000)
  to   space 13824K, 0% used [0x00000000eff80000,0x00000000eff80000,0x00000000f0d00000)
 ParOldGen       total 42496K, used 11578K [0x0000000084600000, 0x0000000086f80000, 0x00000000d6d00000)
  object space 42496K, 27% used [0x0000000084600000,0x000000008514e818,0x0000000086f80000)
 Metaspace       used 31334K, capacity 32476K, committed 32640K, reserved 1077248K
  class space    used 4133K, capacity 4393K, committed 4480K, reserved 1048576K
}
Event: 22.456 GC heap before
{Heap before GC invocations=11 (full 1):
 PSYoungGen      total 261120K, used 150790K [0x00000000d6d00000, 0x00000000f0d00000, 0x0000000100000000)
  eden space 250880K, 56% used [0x00000000d6d00000,0x00000000df641ff8,0x00000000e6200000)
  from space 10240K, 99% used [0x00000000e6200000,0x00000000e6bffbf0,0x00000000e6c00000)
  to   space 13824K, 0% used [0x00000000eff80000,0x00000000eff80000,0x00000000f0d00000)
 ParOldGen       total 42496K, used 11578K [0x0000000084600000, 0x0000000086f80000, 0x00000000d6d00000)
  object space 42496K, 27% used [0x0000000084600000,0x000000008514e818,0x0000000086f80000)
 Metaspace       used 34551K, capacity 35992K, committed 36048K, reserved 1081344K
  class space    used 4613K, capacity 4936K, committed 4992K, reserved 1048576K
Event: 22.471 GC heap after
Heap after GC invocations=11 (full 1):
 PSYoungGen      total 410112K, used 13804K [0x00000000d6d00000, 0x00000000f1000000, 0x0000000100000000)
  eden space 396288K, 0% used [0x00000000d6d00000,0x00000000d6d00000,0x00000000ef000000)
  from space 13824K, 99% used [0x00000000eff80000,0x00000000f0cfb158,0x00000000f0d00000)
  to   space 15872K, 0% used [0x00000000ef000000,0x00000000ef000000,0x00000000eff80000)
 ParOldGen       total 42496K, used 12142K [0x0000000084600000, 0x0000000086f80000, 0x00000000d6d00000)
  object space 42496K, 28% used [0x0000000084600000,0x00000000851dbb58,0x0000000086f80000)
 Metaspace       used 34551K, capacity 35992K, committed 36048K, reserved 1081344K
  class space    used 4613K, capacity 4936K, committed 4992K, reserved 1048576K
}
Event: 22.471 GC heap before
{Heap before GC invocations=12 (full 2):
 PSYoungGen      total 410112K, used 13804K [0x00000000d6d00000, 0x00000000f1000000, 0x0000000100000000)
  eden space 396288K, 0% used [0x00000000d6d00000,0x00000000d6d00000,0x00000000ef000000)
  from space 13824K, 99% used [0x00000000eff80000,0x00000000f0cfb158,0x00000000f0d00000)
  to   space 15872K, 0% used [0x00000000ef000000,0x00000000ef000000,0x00000000eff80000)
 ParOldGen       total 42496K, used 12142K [0x0000000084600000, 0x0000000086f80000, 0x00000000d6d00000)
  object space 42496K, 28% used [0x0000000084600000,0x00000000851dbb58,0x0000000086f80000)
 Metaspace       used 34551K, capacity 35992K, committed 36048K, reserved 1081344K
  class space    used 4613K, capacity 4936K, committed 4992K, reserved 1048576K
Event: 22.539 GC heap after
Heap after GC invocations=12 (full 2):
 PSYoungGen      total 410112K, used 0K [0x00000000d6d00000, 0x00000000f1000000, 0x0000000100000000)
  eden space 396288K, 0% used [0x00000000d6d00000,0x00000000d6d00000,0x00000000ef000000)
  from space 13824K, 0% used [0x00000000eff80000,0x00000000eff80000,0x00000000f0d00000)
  to   space 15872K, 0% used [0x00000000ef000000,0x00000000ef000000,0x00000000eff80000)
 ParOldGen       total 59392K, used 18670K [0x0000000084600000, 0x0000000088000000, 0x00000000d6d00000)
  object space 59392K, 31% used [0x0000000084600000,0x000000008583ba60,0x0000000088000000)
 Metaspace       used 34551K, capacity 35992K, committed 36048K, reserved 1081344K
  class space    used 4613K, capacity 4936K, committed 4992K, reserved 1048576K
}
Event: 30.356 GC heap before
{Heap before GC invocations=13 (full 2):
 PSYoungGen      total 410112K, used 396288K [0x00000000d6d00000, 0x00000000f1000000, 0x0000000100000000)
  eden space 396288K, 100% used [0x00000000d6d00000,0x00000000ef000000,0x00000000ef000000)
  from space 13824K, 0% used [0x00000000eff80000,0x00000000eff80000,0x00000000f0d00000)
  to   space 15872K, 0% used [0x00000000ef000000,0x00000000ef000000,0x00000000eff80000)
 ParOldGen       total 59392K, used 18670K [0x0000000084600000, 0x0000000088000000, 0x00000000d6d00000)
  object space 59392K, 31% used [0x0000000084600000,0x000000008583ba60,0x0000000088000000)
 Metaspace       used 55014K, capacity 57698K, committed 57984K, reserved 1099776K
  class space    used 7454K, capacity 7969K, committed 8064K, reserved 1048576K

