# JRE version: Java(TM) SE Runtime Environment (8.0_212-b10) (build 1.8.0_212-b10)
# Java VM: Java HotSpot(TM) 64-Bit Server VM (25.212-b10 mixed mode linux-amd64 compressed oops)
Heap:
 PSYoungGen      total 773120K, used 22686K [0x000000076d600000, 0x000000079e580000, 0x00000007c0000000)
  eden space 743936K, 0% used [0x000000076d600000,0x000000076d600000,0x000000079ac80000)
  from space 29184K, 77% used [0x000000079ac80000,0x000000079c2a78f0,0x000000079c900000)
  to   space 18944K, 0% used [0x000000079d300000,0x000000079d300000,0x000000079e580000)
 ParOldGen       total 195584K, used 49147K [0x00000006c8200000, 0x00000006d4100000, 0x000000076d600000)
  object space 195584K, 25% used [0x00000006c8200000,0x00000006cb1fef58,0x00000006d4100000)
 Metaspace       used 62443K, capacity 65736K, committed 66048K, reserved 1105920K
  class space    used 8505K, capacity 9096K, committed 9216K, reserved 1048576K
GC Heap History (10 events):
Event: 12.209 GC heap after
Heap after GC invocations=9 (full 2):
 PSYoungGen      total 340992K, used 17399K [0x000000076d600000, 0x000000078e480000, 0x00000007c0000000)
  eden space 322048K, 0% used [0x000000076d600000,0x000000076d600000,0x0000000781080000)
  from space 18944K, 91% used [0x0000000781080000,0x000000078217dff8,0x0000000782300000)
  to   space 20480K, 0% used [0x000000078d080000,0x000000078d080000,0x000000078e480000)
 ParOldGen       total 145408K, used 18770K [0x00000006c8200000, 0x00000006d1000000, 0x000000076d600000)
  object space 145408K, 12% used [0x00000006c8200000,0x00000006c9454a18,0x00000006d1000000)
 Metaspace       used 44032K, capacity 45800K, committed 45952K, reserved 1089536K
  class space    used 5813K, capacity 6162K, committed 6272K, reserved 1048576K
}
Event: 13.269 GC heap before
{Heap before GC invocations=10 (full 2):
 PSYoungGen      total 340992K, used 339447K [0x000000076d600000, 0x000000078e480000, 0x00000007c0000000)
  eden space 322048K, 100% used [0x000000076d600000,0x0000000781080000,0x0000000781080000)
  from space 18944K, 91% used [0x0000000781080000,0x000000078217dff8,0x0000000782300000)
  to   space 20480K, 0% used [0x000000078d080000,0x000000078d080000,0x000000078e480000)
 ParOldGen       total 145408K, used 18770K [0x00000006c8200000, 0x00000006d1000000, 0x000000076d600000)
  object space 145408K, 12% used [0x00000006c8200000,0x00000006c9454a18,0x00000006d1000000)
 Metaspace       used 47613K, capacity 49708K, committed 49792K, reserved 1091584K
  class space    used 6327K, capacity 6725K, committed 6784K, reserved 1048576K
Event: 13.277 GC heap after
Heap after GC invocations=10 (full 2):
 PSYoungGen      total 515072K, used 20468K [0x000000076d600000, 0x000000078e980000, 0x00000007c0000000)
  eden space 494592K, 0% used [0x000000076d600000,0x000000076d600000,0x000000078b900000)
  from space 20480K, 99% used [0x000000078d080000,0x000000078e47d1a8,0x000000078e480000)
  to   space 24064K, 0% used [0x000000078b900000,0x000000078b900000,0x000000078d080000)
 ParOldGen       total 145408K, used 20160K [0x00000006c8200000, 0x00000006d1000000, 0x000000076d600000)
  object space 145408K, 13% used [0x00000006c8200000,0x00000006c95b0270,0x00000006d1000000)
 Metaspace       used 47613K, capacity 49708K, committed 49792K, reserved 1091584K
  class space    used 6327K, capacity 6725K, committed 6784K, reserved 1048576K
}
Event: 15.208 GC heap before
{Heap before GC invocations=11 (full 2):
 PSYoungGen      total 515072K, used 515060K [0x000000076d600000, 0x000000078e980000, 0x00000007c0000000)
  eden space 494592K, 100% used [0x000000076d600000,0x000000078b900000,0x000000078b900000)
  from space 20480K, 99% used [0x000000078d080000,0x000000078e47d1a8,0x000000078e480000)
  to   space 24064K, 0% used [0x000000078b900000,0x000000078b900000,0x000000078d080000)
 ParOldGen       total 145408K, used 20160K [0x00000006c8200000, 0x00000006d1000000, 0x000000076d600000)
  object space 145408K, 13% used [0x00000006c8200000,0x00000006c95b0270,0x00000006d1000000)
 Metaspace       used 50693K, capacity 53074K, committed 53376K, reserved 1095680K
  class space    used 6769K, capacity 7230K, committed 7296K, reserved 1048576K
Event: 15.609 GC heap after
Heap after GC invocations=11 (full 2):
 PSYoungGen      total 518656K, used 24050K [0x000000076d600000, 0x000000079f000000, 0x00000007c0000000)
  eden space 494592K, 0% used [0x000000076d600000,0x000000076d600000,0x000000078b900000)
  from space 24064K, 99% used [0x000000078b900000,0x000000078d07cb70,0x000000078d080000)
  to   space 29696K, 0% used [0x000000079d300000,0x000000079d300000,0x000000079f000000)
 ParOldGen       total 145408K, used 26535K [0x00000006c8200000, 0x00000006d1000000, 0x000000076d600000)
  object space 145408K, 18% used [0x00000006c8200000,0x00000006c9be9f38,0x00000006d1000000)
 Metaspace       used 50693K, capacity 53074K, committed 53376K, reserved 1095680K
  class space    used 6769K, capacity 7230K, committed 7296K, reserved 1048576K
}
Event: 19.246 GC heap before
{Heap before GC invocations=12 (full 2):
 PSYoungGen      total 518656K, used 241969K [0x000000076d600000, 0x000000079f000000, 0x00000007c0000000)
  eden space 494592K, 44% used [0x000000076d600000,0x000000077aacfbb8,0x000000078b900000)
  from space 24064K, 99% used [0x000000078b900000,0x000000078d07cb70,0x000000078d080000)
  to   space 29696K, 0% used [0x000000079d300000,0x000000079d300000,0x000000079f000000)
 ParOldGen       total 145408K, used 26535K [0x00000006c8200000, 0x00000006d1000000, 0x000000076d600000)
  object space 145408K, 18% used [0x00000006c8200000,0x00000006c9be9f38,0x00000006d1000000)
 Metaspace       used 56505K, capacity 58954K, committed 59136K, reserved 1099776K
  class space    used 7607K, capacity 8099K, committed 8192K, reserved 1048576K
Event: 19.257 GC heap after
Heap after GC invocations=12 (full 2):
 PSYoungGen      total 762880K, used 18509K [0x000000076d600000, 0x000000079e580000, 0x00000007c0000000)
  eden space 743936K, 0% used [0x000000076d600000,0x000000076d600000,0x000000079ac80000)
  from space 18944K, 97% used [0x000000079d300000,0x000000079e513598,0x000000079e580000)
  to   space 29184K, 0% used [0x000000079ac80000,0x000000079ac80000,0x000000079c900000)
 ParOldGen       total 145408K, used 42226K [0x00000006c8200000, 0x00000006d1000000, 0x000000076d600000)
  object space 145408K, 29% used [0x00000006c8200000,0x00000006cab3ca60,0x00000006d1000000)
 Metaspace       used 56505K, capacity 58954K, committed 59136K, reserved 1099776K
  class space    used 7607K, capacity 8099K, committed 8192K, reserved 1048576K
}
Event: 19.257 GC heap before
{Heap before GC invocations=13 (full 3):
 PSYoungGen      total 762880K, used 18509K [0x000000076d600000, 0x000000079e580000, 0x00000007c0000000)
  eden space 743936K, 0% used [0x000000076d600000,0x000000076d600000,0x000000079ac80000)
  from space 18944K, 97% used [0x000000079d300000,0x000000079e513598,0x000000079e580000)
  to   space 29184K, 0% used [0x000000079ac80000,0x000000079ac80000,0x000000079c900000)
 ParOldGen       total 145408K, used 42226K [0x00000006c8200000, 0x00000006d1000000, 0x000000076d600000)
  object space 145408K, 29% used [0x00000006c8200000,0x00000006cab3ca60,0x00000006d1000000)
 Metaspace       used 56505K, capacity 58954K, committed 59136K, reserved 1099776K
  class space    used 7607K, capacity 8099K, committed 8192K, reserved 1048576K
Event: 19.365 GC heap after
Heap after GC invocations=13 (full 3):
 PSYoungGen      total 762880K, used 0K [0x000000076d600000, 0x000000079e580000, 0x00000007c0000000)
  eden space 743936K, 0% used [0x000000076d600000,0x000000076d600000,0x000000079ac80000)
  from space 18944K, 0% used [0x000000079d300000,0x000000079d300000,0x000000079e580000)
  to   space 29184K, 0% used [0x000000079ac80000,0x000000079ac80000,0x000000079c900000)
 ParOldGen       total 195584K, used 49139K [0x00000006c8200000, 0x00000006d4100000, 0x000000076d600000)
  object space 195584K, 25% used [0x00000006c8200000,0x00000006cb1fcf58,0x00000006d4100000)
 Metaspace       used 56505K, capacity 58954K, committed 59136K, reserved 1099776K
  class space    used 7607K, capacity 8099K, committed 8192K, reserved 1048576K
}
Event: 22.809 GC heap before
{Heap before GC invocations=14 (full 3):
 PSYoungGen      total 762880K, used 743936K [0x000000076d600000, 0x000000079e580000, 0x00000007c0000000)
  eden space 743936K, 100% used [0x000000076d600000,0x000000079ac80000,0x000000079ac80000)
  from space 18944K, 0% used [0x000000079d300000,0x000000079d300000,0x000000079e580000)
  to   space 29184K, 0% used [0x000000079ac80000,0x000000079ac80000,0x000000079c900000)
 ParOldGen       total 195584K, used 49139K [0x00000006c8200000, 0x00000006d4100000, 0x000000076d600000)
  object space 195584K, 25% used [0x00000006c8200000,0x00000006cb1fcf58,0x00000006d4100000)
 Metaspace       used 62443K, capacity 65736K, committed 66048K, reserved 1105920K
  class space    used 8505K, capacity 9096K, committed 9216K, reserved 1048576K

